位置_$fh _$aG = 26
位置_$fh _$aG = 46
位置_$fh _$aG = 61
位置_$fh _$aG = 61
位置_$fh _$aG = 12
位置_$fh _$aG = 29
位置_$fh _$aG = 12
位置_$fh _$aG = 5
位置_$fh _$aG = 9
位置_$fh _$aG = 10
位置_$fh _$aG = 52
位置_$fh _$aG = 5
位置_$fh _$aG = 12
位置_$fh _$aG = 9
位置_$fh _$aG = 5
位置_$fh _$aG = 61
位置_$fh _$aG = 5
位置_$fh _$aG = 19
位置_$fh _$aG = 51
位置_$fh _$aG = 10
位置_$fh _$aG = 12
位置_$fh _$aG = 26
位置_$fh _$aG = 32
位置_$fh _$aG = 35
位置_$fh _$aG = 61
位置_$fh _$aG = 5
位置_$fh _$aG = 52
位置_$fh _$aG = 10
位置_$fh _$aG = 34
位置_$fh _$aG = 26
位置_$fh _$aG = 35
位置_$fh _$aG = 10
位置_$fh _$aG = 34
位置_$fh _$aG = 26
位置_$fh _$aG = 34
位置_$fh _$aG = 26
位置_$fh _$aG = 20
位置_$fh _$aG = 61
位置_$fh _$aG = 10
位置_$fh _$aG = 34
位置_$fh _$aG = 26
位置_$fh _$aG = 34
位置_$fh _$aG = 26
位置_$fh _$aG = 20
位置_$fh _$aG = 61
位置_$fh _$aG = 59
位置_$fh _$aG = 34
位置_$fh _$aG = 10
位置_$fh _$aG = 10
位置_$fh _$aG = 12
位置_$fh _$aG = 26
位置_$fh _$aG = 26
位置_$fh _$aG = 10
位置_$fh _$aG = 12
位置_$fh _$aG = 26
位置_$fh _$aG = 26
位置_$fh _$aG = 45
位置_$fh _$aG = 61
位置_$fh _$aG = 10
位置_$fh _$aG = 34
位置_$fh _$aG = 48
位置_$fh _$aG = 10
位置_$fh _$aG = 10
位置_$fh _$aG = 12
位置_$fh _$aG = 26
位置_$fh _$aG = 5
位置_$fh _$aG = 10
位置_$fh _$aG = 12
位置_$fh _$aG = 26
位置_$fh _$aG = 25
位置_$fh _$aG = 52
位置_$fh _$aG = 12
位置_$fh _$aG = 52
位置_$fh _$aG = 51
位置_$fh _$aG = 5
位置_$fh _$aG = 10
位置_$fh _$aG = 12
位置_$fh _$aG = 26
位置_$fh _$aG = 26
位置_$fh _$aG = 22
位置_$fh _$aG = 61
位置_$fh _$aG = 5
位置_$fh _$aG = 5
位置_$fh _$aG = 51
位置_$fh _$aG = 26
位置_$fh _$aG = 26
位置_$fh _$aG = 10
位置_$fh _$aG = 46
位置_$fh _$aG = 61
位置_$fh _$aG = 33
位置_$fh _$aG = 40
位置_$fh _$aG = 4
位置_$fh _$aG = 51
位置_$fh _$aG = 5
位置_$fh _$aG = 10
位置_$fh _$aG = 12
位置_$fh _$aG = 26
位置_$fh _$aG = 26
位置_$fh _$aG = 22
位置_$fh _$aG = 61
位置_$fh _$aG = 5
位置_$fh _$aG = 5
位置_$fh _$aG = 51
位置_$fh _$aG = 26
位置_$fh _$aG = 26
位置_$fh _$aG = 10
位置_$fh _$aG = 46
位置_$fh _$aG = 61
位置_$fh _$aG = 33
位置_$fh _$aG = 40
位置_$fh _$aG = 4
位置_$fh _$aG = 51
位置_$fh _$aG = 5
位置_$fh _$aG = 10
位置_$fh _$aG = 12
位置_$fh _$aG = 26
位置_$fh _$aG = 26
位置_$fh _$aG = 22
位置_$fh _$aG = 61
位置_$fh _$aG = 61
位置_$fh _$aG = 10
位置_$fh _$aG = 34
位置_$fh _$aG = 48
位置_$fh _$aG = 10
位置_$fh _$aG = 10
位置_$fh _$aG = 12
位置_$fh _$aG = 26
位置_$fh _$aG = 5
位置_$fh _$aG = 10
位置_$fh _$aG = 12
位置_$fh _$aG = 26
位置_$fh _$aG = 25
位置_$fh _$aG = 52
位置_$fh _$aG = 12
位置_$fh _$aG = 52
位置_$fh _$aG = 51
位置_$fh _$aG = 5
位置_$fh _$aG = 10
位置_$fh _$aG = 12
位置_$fh _$aG = 26
位置_$fh _$aG = 26
位置_$fh _$aG = 22
位置_$fh _$aG = 61
位置_$fh _$aG = 5
位置_$fh _$aG = 5
位置_$fh _$aG = 51
位置_$fh _$aG = 26
位置_$fh _$aG = 26
位置_$fh _$aG = 10
位置_$fh _$aG = 46
位置_$fh _$aG = 61
位置_$fh _$aG = 33
位置_$fh _$aG = 40
位置_$fh _$aG = 4
位置_$fh _$aG = 51
位置_$fh _$aG = 5
位置_$fh _$aG = 10
位置_$fh _$aG = 12
位置_$fh _$aG = 26
位置_$fh _$aG = 26
位置_$fh _$aG = 22
位置_$fh _$aG = 61
位置_$fh _$aG = 5
位置_$fh _$aG = 5
位置_$fh _$aG = 51
位置_$fh _$aG = 26
位置_$fh _$aG = 26
位置_$fh _$aG = 10
位置_$fh _$aG = 46
位置_$fh _$aG = 61
位置_$fh _$aG = 33
位置_$fh _$aG = 40
位置_$fh _$aG = 4
位置_$fh _$aG = 51
位置_$fh _$aG = 5
位置_$fh _$aG = 10
位置_$fh _$aG = 12
位置_$fh _$aG = 26
位置_$fh _$aG = 26
位置_$fh _$aG = 22
位置_$fh _$aG = 61
位置_$fh _$aG = 61
位置_$fh _$aG = 10
位置_$fh _$aG = 34
位置_$fh _$aG = 48
位置_$fh _$aG = 10
位置_$fh _$aG = 10
位置_$fh _$aG = 12
位置_$fh _$aG = 26
位置_$fh _$aG = 5
位置_$fh _$aG = 10
位置_$fh _$aG = 12
位置_$fh _$aG = 26
位置_$fh _$aG = 25
位置_$fh _$aG = 52
位置_$fh _$aG = 12
位置_$fh _$aG = 52
位置_$fh _$aG = 51
位置_$fh _$aG = 5
位置_$fh _$aG = 10
位置_$fh _$aG = 12
位置_$fh _$aG = 26
位置_$fh _$aG = 26
位置_$fh _$aG = 22
位置_$fh _$aG = 61
位置_$fh _$aG = 5
位置_$fh _$aG = 5
位置_$fh _$aG = 51
位置_$fh _$aG = 26
位置_$fh _$aG = 26
位置_$fh _$aG = 10
位置_$fh _$aG = 46
位置_$fh _$aG = 61
位置_$fh _$aG = 33
位置_$fh _$aG = 40
位置_$fh _$aG = 4
位置_$fh _$aG = 51
位置_$fh _$aG = 5
位置_$fh _$aG = 10
位置_$fh _$aG = 12
位置_$fh _$aG = 26
位置_$fh _$aG = 26
位置_$fh _$aG = 22
位置_$fh _$aG = 61
位置_$fh _$aG = 5
位置_$fh _$aG = 5
位置_$fh _$aG = 51
位置_$fh _$aG = 26
位置_$fh _$aG = 26
位置_$fh _$aG = 10
位置_$fh _$aG = 46
位置_$fh _$aG = 61
位置_$fh _$aG = 33
位置_$fh _$aG = 40
位置_$fh _$aG = 4
位置_$fh _$aG = 51
位置_$fh _$aG = 5
位置_$fh _$aG = 10
位置_$fh _$aG = 12
位置_$fh _$aG = 26
位置_$fh _$aG = 26
位置_$fh _$aG = 22
位置_$fh _$aG = 61
位置_$fh _$aG = 5
位置_$fh _$aG = 5
位置_$fh _$aG = 51
位置_$fh _$aG = 26
位置_$fh _$aG = 26
位置_$fh _$aG = 10
位置_$fh _$aG = 46
位置_$fh _$aG = 61
位置_$fh _$aG = 33
位置_$fh _$aG = 40
位置_$fh _$aG = 4
位置_$fh _$aG = 51
位置_$fh _$aG = 5
位置_$fh _$aG = 10
位置_$fh _$aG = 12
位置_$fh _$aG = 26
位置_$fh _$aG = 26
位置_$fh _$aG = 22
位置_$fh _$aG = 61
位置_$fh _$aG = 61
位置_$fh _$aG = 10
位置_$fh _$aG = 10
位置_$fh _$aG = 12
位置_$fh _$aG = 26
位置_$fh _$aG = 51
位置_$fh _$aG = 10
位置_$fh _$aG = 12
位置_$fh _$aG = 26
位置_$fh _$aG = 25
位置_$fh _$aG = 10
位置_$fh _$aG = 12
位置_$fh _$aG = 26
位置_$fh _$aG = 11
位置_$fh _$aG = 61
位置_$fh _$aG = 10
位置_$fh _$aG = 34
位置_$fh _$aG = 26
位置_$fh _$aG = 35
位置_$fh _$aG = 10
位置_$fh _$aG = 34
位置_$fh _$aG = 26
位置_$fh _$aG = 34
位置_$fh _$aG = 48
位置_$fh _$aG = 10
位置_$fh _$aG = 10
位置_$fh _$aG = 12
位置_$fh _$aG = 26
位置_$fh _$aG = 5
位置_$fh _$aG = 10
位置_$fh _$aG = 12
位置_$fh _$aG = 26
位置_$fh _$aG = 25
位置_$fh _$aG = 52
位置_$fh _$aG = 12
位置_$fh _$aG = 52
位置_$fh _$aG = 51
位置_$fh _$aG = 5
位置_$fh _$aG = 10
位置_$fh _$aG = 12
位置_$fh _$aG = 26
位置_$fh _$aG = 26
位置_$fh _$aG = 22
位置_$fh _$aG = 61
位置_$fh _$aG = 5
位置_$fh _$aG = 5
位置_$fh _$aG = 51
位置_$fh _$aG = 26
位置_$fh _$aG = 26
位置_$fh _$aG = 10
位置_$fh _$aG = 46
位置_$fh _$aG = 61
位置_$fh _$aG = 33
位置_$fh _$aG = 40
位置_$fh _$aG = 4
位置_$fh _$aG = 51
位置_$fh _$aG = 5
位置_$fh _$aG = 10
位置_$fh _$aG = 12
位置_$fh _$aG = 26
位置_$fh _$aG = 26
位置_$fh _$aG = 22
位置_$fh _$aG = 61
位置_$fh _$aG = 5
位置_$fh _$aG = 5
位置_$fh _$aG = 51
位置_$fh _$aG = 26
位置_$fh _$aG = 26
位置_$fh _$aG = 10
位置_$fh _$aG = 46
位置_$fh _$aG = 61
位置_$fh _$aG = 33
位置_$fh _$aG = 40
位置_$fh _$aG = 4
位置_$fh _$aG = 51
位置_$fh _$aG = 5
位置_$fh _$aG = 10
位置_$fh _$aG = 12
位置_$fh _$aG = 26
位置_$fh _$aG = 26
位置_$fh _$aG = 22
位置_$fh _$aG = 61
位置_$fh _$aG = 5
位置_$fh _$aG = 5
位置_$fh _$aG = 51
位置_$fh _$aG = 26
位置_$fh _$aG = 26
位置_$fh _$aG = 10
位置_$fh _$aG = 46
位置_$fh _$aG = 61
位置_$fh _$aG = 33
位置_$fh _$aG = 40
位置_$fh _$aG = 4
位置_$fh _$aG = 51
位置_$fh _$aG = 5
位置_$fh _$aG = 10
位置_$fh _$aG = 12
位置_$fh _$aG = 26
位置_$fh _$aG = 26
位置_$fh _$aG = 22
位置_$fh _$aG = 61
位置_$fh _$aG = 5
位置_$fh _$aG = 5
位置_$fh _$aG = 51
位置_$fh _$aG = 26
位置_$fh _$aG = 26
位置_$fh _$aG = 10
位置_$fh _$aG = 46
位置_$fh _$aG = 61
位置_$fh _$aG = 33
位置_$fh _$aG = 40
位置_$fh _$aG = 4
位置_$fh _$aG = 51
位置_$fh _$aG = 5
位置_$fh _$aG = 10
位置_$fh _$aG = 12
位置_$fh _$aG = 26
位置_$fh _$aG = 26
位置_$fh _$aG = 22
位置_$fh _$aG = 61
位置_$fh _$aG = 5
位置_$fh _$aG = 5
位置_$fh _$aG = 51
位置_$fh _$aG = 26
位置_$fh _$aG = 26
位置_$fh _$aG = 10
位置_$fh _$aG = 46
位置_$fh _$aG = 61
位置_$fh _$aG = 33
位置_$fh _$aG = 40
位置_$fh _$aG = 4
位置_$fh _$aG = 51
位置_$fh _$aG = 5
位置_$fh _$aG = 10
位置_$fh _$aG = 12
位置_$fh _$aG = 26
位置_$fh _$aG = 26
位置_$fh _$aG = 22
位置_$fh _$aG = 61
位置_$fh _$aG = 5
位置_$fh _$aG = 5
位置_$fh _$aG = 51
位置_$fh _$aG = 26
位置_$fh _$aG = 26
位置_$fh _$aG = 10
位置_$fh _$aG = 46
位置_$fh _$aG = 61
位置_$fh _$aG = 33
位置_$fh _$aG = 40
位置_$fh _$aG = 4
位置_$fh _$aG = 51
位置_$fh _$aG = 5
位置_$fh _$aG = 10
位置_$fh _$aG = 12
位置_$fh _$aG = 26
位置_$fh _$aG = 26
位置_$fh _$aG = 22
位置_$fh _$aG = 61
位置_$fh _$aG = 5
位置_$fh _$aG = 5
位置_$fh _$aG = 51
位置_$fh _$aG = 26
位置_$fh _$aG = 26
位置_$fh _$aG = 10
位置_$fh _$aG = 46
位置_$fh _$aG = 61
位置_$fh _$aG = 33
位置_$fh _$aG = 40
位置_$fh _$aG = 4
位置_$fh _$aG = 51
位置_$fh _$aG = 5
位置_$fh _$aG = 10
位置_$fh _$aG = 12
位置_$fh _$aG = 26
位置_$fh _$aG = 26
位置_$fh _$aG = 22
位置_$fh _$aG = 61
位置_$fh _$aG = 5
位置_$fh _$aG = 5
位置_$fh _$aG = 51
位置_$fh _$aG = 26
位置_$fh _$aG = 26
位置_$fh _$aG = 10
位置_$fh _$aG = 46
位置_$fh _$aG = 61
位置_$fh _$aG = 33
位置_$fh _$aG = 40
位置_$fh _$aG = 4
位置_$fh _$aG = 51
位置_$fh _$aG = 5
位置_$fh _$aG = 10
位置_$fh _$aG = 12
位置_$fh _$aG = 26
位置_$fh _$aG = 26
位置_$fh _$aG = 22
位置_$fh _$aG = 61
位置_$fh _$aG = 5
位置_$fh _$aG = 5
位置_$fh _$aG = 51
位置_$fh _$aG = 26
位置_$fh _$aG = 26
位置_$fh _$aG = 10
位置_$fh _$aG = 46
位置_$fh _$aG = 61
位置_$fh _$aG = 33
位置_$fh _$aG = 40
位置_$fh _$aG = 4
位置_$fh _$aG = 51
位置_$fh _$aG = 5
位置_$fh _$aG = 10
位置_$fh _$aG = 12
位置_$fh _$aG = 26
位置_$fh _$aG = 26
位置_$fh _$aG = 22
位置_$fh _$aG = 61
位置_$fh _$aG = 5
位置_$fh _$aG = 5
位置_$fh _$aG = 51
位置_$fh _$aG = 26
位置_$fh _$aG = 26
位置_$fh _$aG = 10
位置_$fh _$aG = 46
位置_$fh _$aG = 61
位置_$fh _$aG = 33
位置_$fh _$aG = 40
位置_$fh _$aG = 4
位置_$fh _$aG = 51
位置_$fh _$aG = 5
位置_$fh _$aG = 10
位置_$fh _$aG = 12
位置_$fh _$aG = 26
位置_$fh _$aG = 26
位置_$fh _$aG = 22
位置_$fh _$aG = 61
位置_$fh _$aG = 5
位置_$fh _$aG = 5
位置_$fh _$aG = 51
位置_$fh _$aG = 26
位置_$fh _$aG = 26
位置_$fh _$aG = 10
位置_$fh _$aG = 46
位置_$fh _$aG = 61
位置_$fh _$aG = 33
位置_$fh _$aG = 40
位置_$fh _$aG = 4
位置_$fh _$aG = 51
位置_$fh _$aG = 5
位置_$fh _$aG = 10
位置_$fh _$aG = 12
位置_$fh _$aG = 26
位置_$fh _$aG = 26
位置_$fh _$aG = 22
位置_$fh _$aG = 61
位置_$fh _$aG = 5
位置_$fh _$aG = 5
位置_$fh _$aG = 51
位置_$fh _$aG = 26
位置_$fh _$aG = 26
位置_$fh _$aG = 10
位置_$fh _$aG = 46
位置_$fh _$aG = 61
位置_$fh _$aG = 33
位置_$fh _$aG = 40
位置_$fh _$aG = 4
位置_$fh _$aG = 51
位置_$fh _$aG = 5
位置_$fh _$aG = 10
位置_$fh _$aG = 12
位置_$fh _$aG = 26
位置_$fh _$aG = 26
位置_$fh _$aG = 22
位置_$fh _$aG = 61
位置_$fh _$aG = 5
位置_$fh _$aG = 5
位置_$fh _$aG = 51
位置_$fh _$aG = 26
位置_$fh _$aG = 26
位置_$fh _$aG = 10
位置_$fh _$aG = 46
位置_$fh _$aG = 61
位置_$fh _$aG = 33
位置_$fh _$aG = 40
位置_$fh _$aG = 4
位置_$fh _$aG = 51
位置_$fh _$aG = 5
位置_$fh _$aG = 10
位置_$fh _$aG = 12
位置_$fh _$aG = 26
位置_$fh _$aG = 26
位置_$fh _$aG = 22
位置_$fh _$aG = 61
位置_$fh _$aG = 5
位置_$fh _$aG = 5
位置_$fh _$aG = 51
位置_$fh _$aG = 26
位置_$fh _$aG = 26
位置_$fh _$aG = 10
位置_$fh _$aG = 46
位置_$fh _$aG = 61
位置_$fh _$aG = 33
位置_$fh _$aG = 40
位置_$fh _$aG = 4
位置_$fh _$aG = 51
位置_$fh _$aG = 5
位置_$fh _$aG = 10
位置_$fh _$aG = 12
位置_$fh _$aG = 26
位置_$fh _$aG = 26
位置_$fh _$aG = 22
位置_$fh _$aG = 61
位置_$fh _$aG = 5
位置_$fh _$aG = 5
位置_$fh _$aG = 51
位置_$fh _$aG = 26
位置_$fh _$aG = 26
位置_$fh _$aG = 10
位置_$fh _$aG = 46
位置_$fh _$aG = 61
位置_$fh _$aG = 33
位置_$fh _$aG = 40
位置_$fh _$aG = 4
位置_$fh _$aG = 51
位置_$fh _$aG = 5
位置_$fh _$aG = 10
位置_$fh _$aG = 12
位置_$fh _$aG = 26
位置_$fh _$aG = 26
位置_$fh _$aG = 22
位置_$fh _$aG = 61
位置_$fh _$aG = 5
位置_$fh _$aG = 5
位置_$fh _$aG = 51
位置_$fh _$aG = 26
位置_$fh _$aG = 26
位置_$fh _$aG = 10
位置_$fh _$aG = 46
位置_$fh _$aG = 61
位置_$fh _$aG = 33
位置_$fh _$aG = 40
位置_$fh _$aG = 4
位置_$fh _$aG = 51
位置_$fh _$aG = 5
位置_$fh _$aG = 10
位置_$fh _$aG = 12
位置_$fh _$aG = 26
位置_$fh _$aG = 26
位置_$fh _$aG = 22
位置_$fh _$aG = 61
位置_$fh _$aG = 5
位置_$fh _$aG = 5
位置_$fh _$aG = 51
位置_$fh _$aG = 26
位置_$fh _$aG = 26
位置_$fh _$aG = 10
位置_$fh _$aG = 46
位置_$fh _$aG = 61
位置_$fh _$aG = 33
位置_$fh _$aG = 40
位置_$fh _$aG = 4
位置_$fh _$aG = 51
位置_$fh _$aG = 5
位置_$fh _$aG = 10
位置_$fh _$aG = 12
位置_$fh _$aG = 26
位置_$fh _$aG = 26
位置_$fh _$aG = 22
位置_$fh _$aG = 61
位置_$fh _$aG = 5
位置_$fh _$aG = 5
位置_$fh _$aG = 51
位置_$fh _$aG = 26
位置_$fh _$aG = 26
位置_$fh _$aG = 10
位置_$fh _$aG = 46
位置_$fh _$aG = 61
位置_$fh _$aG = 33
位置_$fh _$aG = 40
位置_$fh _$aG = 4
位置_$fh _$aG = 51
位置_$fh _$aG = 5
位置_$fh _$aG = 10
位置_$fh _$aG = 12
位置_$fh _$aG = 26
位置_$fh _$aG = 26
位置_$fh _$aG = 22
位置_$fh _$aG = 61
位置_$fh _$aG = 5
位置_$fh _$aG = 5
位置_$fh _$aG = 51
位置_$fh _$aG = 26
位置_$fh _$aG = 26
位置_$fh _$aG = 10
位置_$fh _$aG = 46
位置_$fh _$aG = 61
位置_$fh _$aG = 33
位置_$fh _$aG = 40
位置_$fh _$aG = 4
位置_$fh _$aG = 51
位置_$fh _$aG = 5
位置_$fh _$aG = 10
位置_$fh _$aG = 12
位置_$fh _$aG = 26
位置_$fh _$aG = 26
位置_$fh _$aG = 22
位置_$fh _$aG = 61
位置_$fh _$aG = 5
位置_$fh _$aG = 5
位置_$fh _$aG = 51
位置_$fh _$aG = 26
位置_$fh _$aG = 26
位置_$fh _$aG = 10
位置_$fh _$aG = 46
位置_$fh _$aG = 61
位置_$fh _$aG = 33
位置_$fh _$aG = 40
位置_$fh _$aG = 4
位置_$fh _$aG = 51
位置_$fh _$aG = 5
位置_$fh _$aG = 10
位置_$fh _$aG = 12
位置_$fh _$aG = 26
位置_$fh _$aG = 26
位置_$fh _$aG = 22
位置_$fh _$aG = 61
位置_$fh _$aG = 5
位置_$fh _$aG = 5
位置_$fh _$aG = 51
位置_$fh _$aG = 26
位置_$fh _$aG = 26
位置_$fh _$aG = 10
位置_$fh _$aG = 46
位置_$fh _$aG = 61
位置_$fh _$aG = 33
位置_$fh _$aG = 40
位置_$fh _$aG = 4
位置_$fh _$aG = 51
位置_$fh _$aG = 5
位置_$fh _$aG = 10
位置_$fh _$aG = 12
位置_$fh _$aG = 26
位置_$fh _$aG = 26
位置_$fh _$aG = 22
位置_$fh _$aG = 61
位置_$fh _$aG = 5
位置_$fh _$aG = 5
位置_$fh _$aG = 51
位置_$fh _$aG = 26
位置_$fh _$aG = 26
位置_$fh _$aG = 10
位置_$fh _$aG = 46
位置_$fh _$aG = 61
位置_$fh _$aG = 33
位置_$fh _$aG = 40
位置_$fh _$aG = 4
位置_$fh _$aG = 51
位置_$fh _$aG = 5
位置_$fh _$aG = 10
位置_$fh _$aG = 12
位置_$fh _$aG = 26
位置_$fh _$aG = 26
位置_$fh _$aG = 22
位置_$fh _$aG = 61
位置_$fh _$aG = 5
位置_$fh _$aG = 5
位置_$fh _$aG = 51
位置_$fh _$aG = 26
位置_$fh _$aG = 26
位置_$fh _$aG = 10
位置_$fh _$aG = 46
位置_$fh _$aG = 61
位置_$fh _$aG = 33
位置_$fh _$aG = 40
位置_$fh _$aG = 4
位置_$fh _$aG = 51
位置_$fh _$aG = 5
位置_$fh _$aG = 10
位置_$fh _$aG = 12
位置_$fh _$aG = 26
位置_$fh _$aG = 26
位置_$fh _$aG = 22
位置_$fh _$aG = 61
位置_$fh _$aG = 61
位置_$fh _$aG = 10
位置_$fh _$aG = 34
位置_$fh _$aG = 26
位置_$fh _$aG = 35
位置_$fh _$aG = 61
位置_$fh _$aG = 10
位置_$fh _$aG = 34
位置_$fh _$aG = 26
位置_$fh _$aG = 52
位置_$fh _$aG = 51
位置_$fh _$aG = 35
位置_$fh _$aG = 61
位置_$fh _$aG = 10
位置_$fh _$aG = 34
位置_$fh _$aG = 26
位置_$fh _$aG = 10
位置_$fh _$aG = 46
位置_$fh _$aG = 61
位置_$fh _$aG = 34
位置_$fh _$aG = 17
位置_$fh _$aG = 10
位置_$fh _$aG = 11
位置_$fh _$aG = 61
位置_$fh _$aG = 47
位置_$fh _$aG = 10
位置_$fh _$aG = 10
位置_$fh _$aG = 12
位置_$fh _$aG = 26
位置_$fh _$aG = 34
位置_$fh _$aG = 2
位置_$fh _$aG = 10
位置_$fh _$aG = 34
位置_$fh _$aG = 26
位置_$fh _$aG = 34
位置_$fh _$aG = 26
位置_$fh _$aG = 52
位置_$fh _$aG = 51
位置_$fh _$aG = 34
位置_$fh _$aG = 26
位置_$fh _$aG = 52
位置_$fh _$aG = 51
位置_$fh _$aG = 35
位置_$fh _$aG = 52
位置_$fh _$aG = 51
位置_$fh _$aG = 10
位置_$fh _$aG = 46
位置_$fh _$aG = 104
位置_$fh _$aG = 3
位置_$fh _$aG = 61
位置_$fh _$aG = 54
位置_$fh _$aG = 10
位置_$fh _$aG = 34
位置_$fh _$aG = 26
位置_$fh _$aG = 52
位置_$fh _$aG = 51
位置_$fh _$aG = 10
位置_$fh _$aG = 12
位置_$fh _$aG = 26
位置_$fh _$aG = 26
位置_$fh _$aG = 52
位置_$fh _$aG = 10
位置_$fh _$aG = 34
位置_$fh _$aG = 48
位置_$fh _$aG = 10
位置_$fh _$aG = 10
位置_$fh _$aG = 12
位置_$fh _$aG = 26
位置_$fh _$aG = 5
位置_$fh _$aG = 10
位置_$fh _$aG = 12
位置_$fh _$aG = 26
位置_$fh _$aG = 25
位置_$fh _$aG = 52
位置_$fh _$aG = 12
位置_$fh _$aG = 52
位置_$fh _$aG = 51
位置_$fh _$aG = 5
位置_$fh _$aG = 10
位置_$fh _$aG = 12
位置_$fh _$aG = 26
位置_$fh _$aG = 26
位置_$fh _$aG = 22
位置_$fh _$aG = 61
位置_$fh _$aG = 5
位置_$fh _$aG = 5
位置_$fh _$aG = 51
位置_$fh _$aG = 26
位置_$fh _$aG = 26
位置_$fh _$aG = 10
位置_$fh _$aG = 46
位置_$fh _$aG = 61
位置_$fh _$aG = 33
位置_$fh _$aG = 40
位置_$fh _$aG = 4
位置_$fh _$aG = 51
位置_$fh _$aG = 5
位置_$fh _$aG = 10
位置_$fh _$aG = 12
位置_$fh _$aG = 26
位置_$fh _$aG = 26
位置_$fh _$aG = 22
位置_$fh _$aG = 61
位置_$fh _$aG = 5
位置_$fh _$aG = 5
位置_$fh _$aG = 51
位置_$fh _$aG = 26
位置_$fh _$aG = 26
位置_$fh _$aG = 10
位置_$fh _$aG = 46
位置_$fh _$aG = 61
位置_$fh _$aG = 33
位置_$fh _$aG = 40
位置_$fh _$aG = 4
位置_$fh _$aG = 51
位置_$fh _$aG = 5
位置_$fh _$aG = 10
位置_$fh _$aG = 12
位置_$fh _$aG = 26
位置_$fh _$aG = 26
位置_$fh _$aG = 22
位置_$fh _$aG = 61
位置_$fh _$aG = 61
位置_$fh _$aG = 10
位置_$fh _$aG = 34
位置_$fh _$aG = 48
位置_$fh _$aG = 10
位置_$fh _$aG = 10
位置_$fh _$aG = 12
位置_$fh _$aG = 26
位置_$fh _$aG = 5
位置_$fh _$aG = 10
位置_$fh _$aG = 12
位置_$fh _$aG = 26
位置_$fh _$aG = 25
位置_$fh _$aG = 52
位置_$fh _$aG = 12
位置_$fh _$aG = 52
位置_$fh _$aG = 51
位置_$fh _$aG = 5
位置_$fh _$aG = 10
位置_$fh _$aG = 12
位置_$fh _$aG = 26
位置_$fh _$aG = 26
位置_$fh _$aG = 22
位置_$fh _$aG = 61
位置_$fh _$aG = 5
位置_$fh _$aG = 5
位置_$fh _$aG = 51
位置_$fh _$aG = 26
位置_$fh _$aG = 26
位置_$fh _$aG = 10
位置_$fh _$aG = 46
位置_$fh _$aG = 61
位置_$fh _$aG = 33
位置_$fh _$aG = 40
位置_$fh _$aG = 4
位置_$fh _$aG = 51
位置_$fh _$aG = 5
位置_$fh _$aG = 10
位置_$fh _$aG = 12
位置_$fh _$aG = 26
位置_$fh _$aG = 26
位置_$fh _$aG = 22
位置_$fh _$aG = 61
位置_$fh _$aG = 5
位置_$fh _$aG = 5
位置_$fh _$aG = 51
位置_$fh _$aG = 26
位置_$fh _$aG = 26
位置_$fh _$aG = 10
位置_$fh _$aG = 46
位置_$fh _$aG = 61
位置_$fh _$aG = 33
位置_$fh _$aG = 40
位置_$fh _$aG = 4
位置_$fh _$aG = 51
位置_$fh _$aG = 5
位置_$fh _$aG = 10
位置_$fh _$aG = 12
位置_$fh _$aG = 26
位置_$fh _$aG = 26
位置_$fh _$aG = 22
位置_$fh _$aG = 61
位置_$fh _$aG = 5
位置_$fh _$aG = 5
位置_$fh _$aG = 51
位置_$fh _$aG = 26
位置_$fh _$aG = 26
位置_$fh _$aG = 10
位置_$fh _$aG = 46
位置_$fh _$aG = 61
位置_$fh _$aG = 33
位置_$fh _$aG = 40
位置_$fh _$aG = 4
位置_$fh _$aG = 51
位置_$fh _$aG = 5
位置_$fh _$aG = 10
位置_$fh _$aG = 12
位置_$fh _$aG = 26
位置_$fh _$aG = 26
位置_$fh _$aG = 22
位置_$fh _$aG = 61
位置_$fh _$aG = 5
位置_$fh _$aG = 5
位置_$fh _$aG = 51
位置_$fh _$aG = 26
位置_$fh _$aG = 26
位置_$fh _$aG = 10
位置_$fh _$aG = 46
位置_$fh _$aG = 61
位置_$fh _$aG = 33
位置_$fh _$aG = 40
位置_$fh _$aG = 4
位置_$fh _$aG = 51
位置_$fh _$aG = 5
位置_$fh _$aG = 10
位置_$fh _$aG = 12
位置_$fh _$aG = 26
位置_$fh _$aG = 26
位置_$fh _$aG = 22
位置_$fh _$aG = 61
位置_$fh _$aG = 5
位置_$fh _$aG = 5
位置_$fh _$aG = 51
位置_$fh _$aG = 26
位置_$fh _$aG = 26
位置_$fh _$aG = 10
位置_$fh _$aG = 46
位置_$fh _$aG = 61
位置_$fh _$aG = 33
位置_$fh _$aG = 40
位置_$fh _$aG = 4
位置_$fh _$aG = 51
位置_$fh _$aG = 5
位置_$fh _$aG = 10
位置_$fh _$aG = 12
位置_$fh _$aG = 26
位置_$fh _$aG = 26
位置_$fh _$aG = 22
位置_$fh _$aG = 61
位置_$fh _$aG = 5
位置_$fh _$aG = 5
位置_$fh _$aG = 51
位置_$fh _$aG = 26
位置_$fh _$aG = 26
位置_$fh _$aG = 10
位置_$fh _$aG = 46
位置_$fh _$aG = 61
位置_$fh _$aG = 33
位置_$fh _$aG = 40
位置_$fh _$aG = 4
位置_$fh _$aG = 51
位置_$fh _$aG = 5
位置_$fh _$aG = 10
位置_$fh _$aG = 12
位置_$fh _$aG = 26
位置_$fh _$aG = 26
位置_$fh _$aG = 22
位置_$fh _$aG = 61
位置_$fh _$aG = 5
位置_$fh _$aG = 5
位置_$fh _$aG = 51
位置_$fh _$aG = 26
位置_$fh _$aG = 26
位置_$fh _$aG = 10
位置_$fh _$aG = 46
位置_$fh _$aG = 61
位置_$fh _$aG = 33
位置_$fh _$aG = 40
位置_$fh _$aG = 4
位置_$fh _$aG = 51
位置_$fh _$aG = 5
位置_$fh _$aG = 10
位置_$fh _$aG = 12
位置_$fh _$aG = 26
位置_$fh _$aG = 26
位置_$fh _$aG = 22
位置_$fh _$aG = 61
位置_$fh _$aG = 5
位置_$fh _$aG = 5
位置_$fh _$aG = 51
位置_$fh _$aG = 26
位置_$fh _$aG = 26
位置_$fh _$aG = 10
位置_$fh _$aG = 46
位置_$fh _$aG = 61
位置_$fh _$aG = 33
位置_$fh _$aG = 40
位置_$fh _$aG = 4
位置_$fh _$aG = 51
位置_$fh _$aG = 5
位置_$fh _$aG = 10
位置_$fh _$aG = 12
位置_$fh _$aG = 26
位置_$fh _$aG = 26
位置_$fh _$aG = 22
位置_$fh _$aG = 61
位置_$fh _$aG = 61
位置_$fh _$aG = 10
位置_$fh _$aG = 34
位置_$fh _$aG = 48
位置_$fh _$aG = 10
位置_$fh _$aG = 10
位置_$fh _$aG = 12
位置_$fh _$aG = 26
位置_$fh _$aG = 5
位置_$fh _$aG = 10
位置_$fh _$aG = 12
位置_$fh _$aG = 26
位置_$fh _$aG = 25
位置_$fh _$aG = 52
位置_$fh _$aG = 12
位置_$fh _$aG = 52
位置_$fh _$aG = 51
位置_$fh _$aG = 5
位置_$fh _$aG = 10
位置_$fh _$aG = 12
位置_$fh _$aG = 26
位置_$fh _$aG = 26
位置_$fh _$aG = 22
位置_$fh _$aG = 61
位置_$fh _$aG = 5
位置_$fh _$aG = 5
位置_$fh _$aG = 51
位置_$fh _$aG = 26
位置_$fh _$aG = 26
位置_$fh _$aG = 10
位置_$fh _$aG = 46
位置_$fh _$aG = 61
位置_$fh _$aG = 33
位置_$fh _$aG = 40
位置_$fh _$aG = 4
位置_$fh _$aG = 51
位置_$fh _$aG = 5
位置_$fh _$aG = 10
位置_$fh _$aG = 12
位置_$fh _$aG = 26
位置_$fh _$aG = 26
位置_$fh _$aG = 22
位置_$fh _$aG = 61
位置_$fh _$aG = 5
位置_$fh _$aG = 5
位置_$fh _$aG = 51
位置_$fh _$aG = 26
位置_$fh _$aG = 26
位置_$fh _$aG = 10
位置_$fh _$aG = 46
位置_$fh _$aG = 61
位置_$fh _$aG = 33
位置_$fh _$aG = 40
位置_$fh _$aG = 4
位置_$fh _$aG = 51
位置_$fh _$aG = 5
位置_$fh _$aG = 10
位置_$fh _$aG = 12
位置_$fh _$aG = 26
位置_$fh _$aG = 26
位置_$fh _$aG = 22
位置_$fh _$aG = 61
位置_$fh _$aG = 5
位置_$fh _$aG = 5
位置_$fh _$aG = 51
位置_$fh _$aG = 26
位置_$fh _$aG = 26
位置_$fh _$aG = 10
位置_$fh _$aG = 46
位置_$fh _$aG = 61
位置_$fh _$aG = 33
位置_$fh _$aG = 40
位置_$fh _$aG = 4
位置_$fh _$aG = 51
位置_$fh _$aG = 5
位置_$fh _$aG = 10
位置_$fh _$aG = 12
位置_$fh _$aG = 26
位置_$fh _$aG = 26
位置_$fh _$aG = 22
位置_$fh _$aG = 61
位置_$fh _$aG = 5
位置_$fh _$aG = 5
位置_$fh _$aG = 51
位置_$fh _$aG = 26
位置_$fh _$aG = 26
位置_$fh _$aG = 10
位置_$fh _$aG = 46
位置_$fh _$aG = 61
位置_$fh _$aG = 33
位置_$fh _$aG = 40
位置_$fh _$aG = 4
位置_$fh _$aG = 51
位置_$fh _$aG = 5
位置_$fh _$aG = 10
位置_$fh _$aG = 12
位置_$fh _$aG = 26
位置_$fh _$aG = 26
位置_$fh _$aG = 22
位置_$fh _$aG = 61
位置_$fh _$aG = 61
位置_$fh _$aG = 10
位置_$fh _$aG = 34
位置_$fh _$aG = 48
位置_$fh _$aG = 5
位置_$fh _$aG = 5
位置_$fh _$aG = 26
位置_$fh _$aG = 10
位置_$fh _$aG = 46
位置_$fh _$aG = 3
位置_$fh _$aG = 61
位置_$fh _$aG = 34
位置_$fh _$aG = 10
位置_$fh _$aG = 34
位置_$fh _$aG = 48
位置_$fh _$aG = 10
位置_$fh _$aG = 10
位置_$fh _$aG = 12
位置_$fh _$aG = 26
位置_$fh _$aG = 5
位置_$fh _$aG = 10
位置_$fh _$aG = 12
位置_$fh _$aG = 26
位置_$fh _$aG = 25
位置_$fh _$aG = 52
位置_$fh _$aG = 12
位置_$fh _$aG = 52
位置_$fh _$aG = 51
位置_$fh _$aG = 5
位置_$fh _$aG = 10
位置_$fh _$aG = 12
位置_$fh _$aG = 26
位置_$fh _$aG = 26
位置_$fh _$aG = 22
位置_$fh _$aG = 61
位置_$fh _$aG = 5
位置_$fh _$aG = 5
位置_$fh _$aG = 51
位置_$fh _$aG = 26
位置_$fh _$aG = 26
位置_$fh _$aG = 10
位置_$fh _$aG = 46
位置_$fh _$aG = 61
位置_$fh _$aG = 33
位置_$fh _$aG = 40
位置_$fh _$aG = 4
位置_$fh _$aG = 51
位置_$fh _$aG = 5
位置_$fh _$aG = 10
位置_$fh _$aG = 12
位置_$fh _$aG = 26
位置_$fh _$aG = 26
位置_$fh _$aG = 22
位置_$fh _$aG = 61
位置_$fh _$aG = 5
位置_$fh _$aG = 5
位置_$fh _$aG = 51
位置_$fh _$aG = 26
位置_$fh _$aG = 26
位置_$fh _$aG = 10
位置_$fh _$aG = 46
位置_$fh _$aG = 61
位置_$fh _$aG = 33
位置_$fh _$aG = 40
位置_$fh _$aG = 4
位置_$fh _$aG = 51
位置_$fh _$aG = 5
位置_$fh _$aG = 10
位置_$fh _$aG = 12
位置_$fh _$aG = 26
位置_$fh _$aG = 26
位置_$fh _$aG = 22
位置_$fh _$aG = 61
位置_$fh _$aG = 5
位置_$fh _$aG = 5
位置_$fh _$aG = 51
位置_$fh _$aG = 26
位置_$fh _$aG = 26
位置_$fh _$aG = 10
位置_$fh _$aG = 46
位置_$fh _$aG = 61
位置_$fh _$aG = 33
位置_$fh _$aG = 40
位置_$fh _$aG = 4
位置_$fh _$aG = 51
位置_$fh _$aG = 5
位置_$fh _$aG = 10
位置_$fh _$aG = 12
位置_$fh _$aG = 26
位置_$fh _$aG = 26
位置_$fh _$aG = 22
位置_$fh _$aG = 61
位置_$fh _$aG = 5
位置_$fh _$aG = 5
位置_$fh _$aG = 51
位置_$fh _$aG = 26
位置_$fh _$aG = 26
位置_$fh _$aG = 10
位置_$fh _$aG = 46
位置_$fh _$aG = 61
位置_$fh _$aG = 33
位置_$fh _$aG = 40
位置_$fh _$aG = 4
位置_$fh _$aG = 51
位置_$fh _$aG = 5
位置_$fh _$aG = 10
位置_$fh _$aG = 12
位置_$fh _$aG = 26
位置_$fh _$aG = 26
位置_$fh _$aG = 22
位置_$fh _$aG = 61
位置_$fh _$aG = 5
位置_$fh _$aG = 5
位置_$fh _$aG = 51
位置_$fh _$aG = 26
位置_$fh _$aG = 26
位置_$fh _$aG = 10
位置_$fh _$aG = 46
位置_$fh _$aG = 61
位置_$fh _$aG = 33
位置_$fh _$aG = 40
位置_$fh _$aG = 4
位置_$fh _$aG = 51
位置_$fh _$aG = 5
位置_$fh _$aG = 10
位置_$fh _$aG = 12
位置_$fh _$aG = 26
位置_$fh _$aG = 26
位置_$fh _$aG = 22
位置_$fh _$aG = 61
位置_$fh _$aG = 5
位置_$fh _$aG = 5
位置_$fh _$aG = 51
位置_$fh _$aG = 26
位置_$fh _$aG = 26
位置_$fh _$aG = 10
位置_$fh _$aG = 46
位置_$fh _$aG = 61
位置_$fh _$aG = 33
位置_$fh _$aG = 40
位置_$fh _$aG = 4
位置_$fh _$aG = 51
位置_$fh _$aG = 5
位置_$fh _$aG = 10
位置_$fh _$aG = 12
位置_$fh _$aG = 26
位置_$fh _$aG = 26
位置_$fh _$aG = 22
位置_$fh _$aG = 61
位置_$fh _$aG = 5
位置_$fh _$aG = 5
位置_$fh _$aG = 51
位置_$fh _$aG = 26
位置_$fh _$aG = 26
位置_$fh _$aG = 10
位置_$fh _$aG = 46
位置_$fh _$aG = 61
位置_$fh _$aG = 33
位置_$fh _$aG = 40
位置_$fh _$aG = 4
位置_$fh _$aG = 51
位置_$fh _$aG = 5
位置_$fh _$aG = 10
位置_$fh _$aG = 12
位置_$fh _$aG = 26
位置_$fh _$aG = 26
位置_$fh _$aG = 22
位置_$fh _$aG = 61
位置_$fh _$aG = 5
位置_$fh _$aG = 5
位置_$fh _$aG = 51
位置_$fh _$aG = 26
位置_$fh _$aG = 26
位置_$fh _$aG = 10
位置_$fh _$aG = 46
位置_$fh _$aG = 61
位置_$fh _$aG = 33
位置_$fh _$aG = 40
位置_$fh _$aG = 4
位置_$fh _$aG = 51
位置_$fh _$aG = 5
位置_$fh _$aG = 10
位置_$fh _$aG = 12
位置_$fh _$aG = 26
位置_$fh _$aG = 26
位置_$fh _$aG = 22
位置_$fh _$aG = 61
位置_$fh _$aG = 61
位置_$fh _$aG = 10
位置_$fh _$aG = 33
位置_$fh _$aG = 73
位置_$fh _$aG = 51
位置_$fh _$aG = 34
位置_$fh _$aG = 48
位置_$fh _$aG = 61
位置_$fh _$aG = 51
位置_$fh _$aG = 34
位置_$fh _$aG = 48
位置_$fh _$aG = 61
位置_$fh _$aG = 51
位置_$fh _$aG = 34
位置_$fh _$aG = 48
位置_$fh _$aG = 61
位置_$fh _$aG = 51
位置_$fh _$aG = 34
位置_$fh _$aG = 48
位置_$fh _$aG = 61
位置_$fh _$aG = 51
位置_$fh _$aG = 34
位置_$fh _$aG = 48
位置_$fh _$aG = 61
位置_$fh _$aG = 51
位置_$fh _$aG = 34
位置_$fh _$aG = 48
位置_$fh _$aG = 61
位置_$fh _$aG = 51
位置_$fh _$aG = 34
位置_$fh _$aG = 48
位置_$fh _$aG = 61
位置_$fh _$aG = 51
位置_$fh _$aG = 34
位置_$fh _$aG = 48
位置_$fh _$aG = 61
位置_$fh _$aG = 51
位置_$fh _$aG = 34
位置_$fh _$aG = 48
位置_$fh _$aG = 61
位置_$fh _$aG = 51
位置_$fh _$aG = 34
位置_$fh _$aG = 48
位置_$fh _$aG = 61
位置_$fh _$aG = 51
位置_$fh _$aG = 34
位置_$fh _$aG = 48
位置_$fh _$aG = 61
位置_$fh _$aG = 51
位置_$fh _$aG = 34
位置_$fh _$aG = 48
位置_$fh _$aG = 61
位置_$fh _$aG = 51
位置_$fh _$aG = 34
位置_$fh _$aG = 48
位置_$fh _$aG = 61
位置_$fh _$aG = 51
位置_$fh _$aG = 34
位置_$fh _$aG = 48
位置_$fh _$aG = 61
位置_$fh _$aG = 51
位置_$fh _$aG = 34
位置_$fh _$aG = 48
位置_$fh _$aG = 61
位置_$fh _$aG = 51
位置_$fh _$aG = 34
位置_$fh _$aG = 48
位置_$fh _$aG = 61
位置_$fh _$aG = 51
位置_$fh _$aG = 34
位置_$fh _$aG = 48
位置_$fh _$aG = 61
位置_$fh _$aG = 51
位置_$fh _$aG = 34
位置_$fh _$aG = 48
位置_$fh _$aG = 61
位置_$fh _$aG = 51
位置_$fh _$aG = 34
位置_$fh _$aG = 48
位置_$fh _$aG = 61
位置_$fh _$aG = 51
位置_$fh _$aG = 34
位置_$fh _$aG = 48
位置_$fh _$aG = 61
位置_$fh _$aG = 51
位置_$fh _$aG = 34
位置_$fh _$aG = 48
位置_$fh _$aG = 61
位置_$fh _$aG = 51
位置_$fh _$aG = 34
位置_$fh _$aG = 48
位置_$fh _$aG = 61
位置_$fh _$aG = 51
位置_$fh _$aG = 34
位置_$fh _$aG = 48
位置_$fh _$aG = 61---------------------------------------
位置_$fh _$aG = 61
位置_$fh _$aG = 10
位置_$fh _$aG = 34
位置_$fh _$aG = 48
位置_$fh _$aG = 10
位置_$fh _$aG = 10
位置_$fh _$aG = 12
位置_$fh _$aG = 26
位置_$fh _$aG = 5
位置_$fh _$aG = 10
位置_$fh _$aG = 12
位置_$fh _$aG = 26
位置_$fh _$aG = 25
位置_$fh _$aG = 52
位置_$fh _$aG = 12
位置_$fh _$aG = 52
位置_$fh _$aG = 51
位置_$fh _$aG = 5
位置_$fh _$aG = 10
位置_$fh _$aG = 12
位置_$fh _$aG = 26
位置_$fh _$aG = 26
位置_$fh _$aG = 22
位置_$fh _$aG = 61
位置_$fh _$aG = 5
位置_$fh _$aG = 5
位置_$fh _$aG = 51
位置_$fh _$aG = 26
位置_$fh _$aG = 26
位置_$fh _$aG = 10
位置_$fh _$aG = 46
位置_$fh _$aG = 61
位置_$fh _$aG = 33
位置_$fh _$aG = 40
位置_$fh _$aG = 4
位置_$fh _$aG = 51
位置_$fh _$aG = 5
位置_$fh _$aG = 10
位置_$fh _$aG = 12
位置_$fh _$aG = 26
位置_$fh _$aG = 26
位置_$fh _$aG = 22
位置_$fh _$aG = 61
位置_$fh _$aG = 5
位置_$fh _$aG = 5
位置_$fh _$aG = 51
位置_$fh _$aG = 26
位置_$fh _$aG = 26
位置_$fh _$aG = 10
位置_$fh _$aG = 46
位置_$fh _$aG = 61
位置_$fh _$aG = 33
位置_$fh _$aG = 40
位置_$fh _$aG = 4
位置_$fh _$aG = 51
位置_$fh _$aG = 5
位置_$fh _$aG = 10
位置_$fh _$aG = 12
位置_$fh _$aG = 26
位置_$fh _$aG = 26
位置_$fh _$aG = 22
位置_$fh _$aG = 61
位置_$fh _$aG = 5
位置_$fh _$aG = 5
位置_$fh _$aG = 51
位置_$fh _$aG = 26
位置_$fh _$aG = 26
位置_$fh _$aG = 10
位置_$fh _$aG = 46
位置_$fh _$aG = 61
位置_$fh _$aG = 33
位置_$fh _$aG = 40
位置_$fh _$aG = 4
位置_$fh _$aG = 51
位置_$fh _$aG = 5
位置_$fh _$aG = 10
位置_$fh _$aG = 12
位置_$fh _$aG = 26
位置_$fh _$aG = 26
位置_$fh _$aG = 22
位置_$fh _$aG = 61
位置_$fh _$aG = 5
位置_$fh _$aG = 5
位置_$fh _$aG = 51
位置_$fh _$aG = 26
位置_$fh _$aG = 26
位置_$fh _$aG = 10
位置_$fh _$aG = 46
位置_$fh _$aG = 61
位置_$fh _$aG = 33
位置_$fh _$aG = 40
位置_$fh _$aG = 4
位置_$fh _$aG = 51
位置_$fh _$aG = 5
位置_$fh _$aG = 10
位置_$fh _$aG = 12
位置_$fh _$aG = 26
位置_$fh _$aG = 26
位置_$fh _$aG = 22
位置_$fh _$aG = 61
位置_$fh _$aG = 61
位置_$fh _$aG = 30
位置_$fh _$aG = 61
位置_$fh _$aG = 10
位置_$fh _$aG = 34
位置_$fh _$aG = 26
位置_$fh _$aG = 35
位置_$fh _$aG = 61
位置_$fh _$aG = 10
位置_$fh _$aG = 34
位置_$fh _$aG = 26
位置_$fh _$aG = 43
位置_$fh _$aG = 10
位置_$fh _$aG = 34
位置_$fh _$aG = 26
位置_$fh _$aG = 61
位置_$fh _$aG = 34
位置_$fh _$aG = 60
位置_$fh _$aG = 10
位置_$fh _$aG = 12
位置_$fh _$aG = 26
位置_$fh _$aG = 51
位置_$fh _$aG = 23
位置_$fh _$aG = 43
位置_$fh _$aG = 51
位置_$fh _$aG = 34
位置_$fh _$aG = 26
位置_$fh _$aG = 10
位置_$fh _$aG = 31
位置_$fh _$aG = 61
位置_$fh _$aG = 34
位置_$fh _$aG = 60
位置_$fh _$aG = 10
位置_$fh _$aG = 12
位置_$fh _$aG = 26
位置_$fh _$aG = 51
位置_$fh _$aG = 23
位置_$fh _$aG = 61
位置_$fh _$aG = 34
位置_$fh _$aG = 47
位置_$fh _$aG = 34
位置_$fh _$aG = 24
位置_$fh _$aG = 52
位置_$fh _$aG = 50
位置_$fh _$aG = 52
位置_$fh _$aG = 56
位置_$fh _$aG = 34
位置_$fh _$aG = 47
位置_$fh _$aG = 10
位置_$fh _$aG = 3
位置_$fh _$aG = 52
位置_$fh _$aG = 34
位置_$fh _$aG = 52
位置_$fh _$aG = 51
位置_$fh _$aG = 35
位置_$fh _$aG = 10
位置_$fh _$aG = 12
位置_$fh _$aG = 26
位置_$fh _$aG = 51
位置_$fh _$aG = 51
位置_$fh _$aG = 26
位置_$fh _$aG = 39
位置_$fh _$aG = 58
位置_$fh _$aG = 81
位置_$fh _$aG = 51
位置_$fh _$aG = 51
位置_$fh _$aG = 51
位置_$fh _$aG = 36
位置_$fh _$aG = 10
位置_$fh _$aG = 12
位置_$fh _$aG = 26
位置_$fh _$aG = 51
位置_$fh _$aG = 45
位置_$fh _$aG = 52
位置_$fh _$aG = 51
位置_$fh _$aG = 35
位置_$fh _$aG = 34
位置_$fh _$aG = 56
位置_$fh _$aG = 52
位置_$fh _$aG = 34
位置_$fh _$aG = 51
位置_$fh _$aG = 45
位置_$fh _$aG = 3
位置_$fh _$aG = 20
位置_$fh _$aG = 3
位置_$fh _$aG = 61
位置_$fh _$aG = 34
位置_$fh _$aG = 60
位置_$fh _$aG = 34
位置_$fh _$aG = 52
位置_$fh _$aG = 34
位置_$fh _$aG = 60
位置_$fh _$aG = 34
位置_$fh _$aG = 52
位置_$fh _$aG = 34
位置_$fh _$aG = 60
位置_$fh _$aG = 34
位置_$fh _$aG = 52
位置_$fh _$aG = 51
位置_$fh _$aG = 20
位置_$fh _$aG = 35
位置_$fh _$aG = 51
位置_$fh _$aG = 35
位置_$fh _$aG = 3
位置_$fh _$aG = 61
位置_$fh _$aG = 34
位置_$fh _$aG = 10
位置_$fh _$aG = 34
位置_$fh _$aG = 26
位置_$fh _$aG = 52
位置_$fh _$aG = 51
位置_$fh _$aG = 35
位置_$fh _$aG = 52
位置_$fh _$aG = 51
位置_$fh _$aG = 35
位置_$fh _$aG = 52
位置_$fh _$aG = 51
位置_$fh _$aG = 43
位置_$fh _$aG = 51
位置_$fh _$aG = 3
位置_$fh _$aG = 61
位置_$fh _$aG = 34
位置_$fh _$aG = 10
位置_$fh _$aG = 10
位置_$fh _$aG = 12
位置_$fh _$aG = 26
位置_$fh _$aG = 26
位置_$fh _$aG = 52
位置_$fh _$aG = 10
位置_$fh _$aG = 34
位置_$fh _$aG = 26
位置_$fh _$aG = 10
位置_$fh _$aG = 11
位置_$fh _$aG = 35
位置_$fh _$aG = 35
位置_$fh _$aG = 35
位置_$fh _$aG = 35
位置_$fh _$aG = 52
位置_$fh _$aG = 47
位置_$fh _$aG = 10
位置_$fh _$aG = 10
位置_$fh _$aG = 12
位置_$fh _$aG = 26
位置_$fh _$aG = 26
位置_$fh _$aG = 35
位置_$fh _$aG = 52
位置_$fh _$aG = 51
位置_$fh _$aG = 43
位置_$fh _$aG = 51
位置_$fh _$aG = 3
位置_$fh _$aG = 61
位置_$fh _$aG = 10
位置_$fh _$aG = 34
位置_$fh _$aG = 26
位置_$fh _$aG = 35
位置_$fh _$aG = 35
位置_$fh _$aG = 61
位置_$fh _$aG = 10
位置_$fh _$aG = 34
位置_$fh _$aG = 48
位置_$fh _$aG = 5
位置_$fh _$aG = 5
位置_$fh _$aG = 26
位置_$fh _$aG = 10
位置_$fh _$aG = 46
位置_$fh _$aG = 3
位置_$fh _$aG = 61
位置_$fh _$aG = 34
位置_$fh _$aG = 10
位置_$fh _$aG = 45
位置_$fh _$aG = 61
位置_$fh _$aG = 34
位置_$fh _$aG = 10
位置_$fh _$aG = 10
位置_$fh _$aG = 12
位置_$fh _$aG = 26
位置_$fh _$aG = 34
位置_$fh _$aG = 23
c:\Users\Administrator\Desktop\reishu\wcjs\vm_local.js:8282
                            _$jE[_$hm++] = _$jQ[_$gn](_$jE[_$_o]);
                                                     ^

TypeError: _$jQ[_$gn] is not a function
    at _$fh (c:\Users\Administrator\Desktop\reishu\wcjs\vm_local.js:8282:54)
    at _$kt (c:\Users\Administrator\Desktop\reishu\wcjs\vm_local.js:8052:13)
    at _$fh (c:\Users\Administrator\Desktop\reishu\wcjs\vm_local.js:8356:44)
    at _$kt (c:\Users\Administrator\Desktop\reishu\wcjs\vm_local.js:8052:13)
    at _$fh (c:\Users\Administrator\Desktop\reishu\wcjs\vm_local.js:8478:38)
    at _$kt (c:\Users\Administrator\Desktop\reishu\wcjs\vm_local.js:8052:13)
    at _$fh (c:\Users\Administrator\Desktop\reishu\wcjs\vm_local.js:8478:38)
    at Object._$kt [as _$jC] (c:\Users\Administrator\Desktop\reishu\wcjs\vm_local.js:8052:13)
    at _$fh (c:\Users\Administrator\Desktop\reishu\wcjs\vm_local.js:8549:38)
    at Object._$kt [as _$jC] (c:\Users\Administrator\Desktop\reishu\wcjs\vm_local.js:8052:13)

[Done] exited with code=1 in 1.396 seconds

